# JRE version: OpenJDK Runtime Environment (8.0_152-b01) (build 1.8.0_152-release-1343-b01)
# Java VM: OpenJDK 64-Bit Server VM (25.152-b01 mixed mode windows-amd64 compressed oops)
Heap:
 PSYoungGen      total 425472K, used 241104K [0x00000000e0000000, 0x0000000100000000, 0x0000000100000000)
  eden space 367616K, 49% used [0x00000000e0000000,0x00000000eb2f84d8,0x00000000f6700000)
  from space 57856K, 99% used [0x00000000fc480000,0x00000000ffcfbef0,0x00000000ffd00000)
  to   space 78336K, 0% used [0x00000000f6700000,0x00000000f6700000,0x00000000fb380000)
 ParOldGen       total 224256K, used 179694K [0x00000000a0000000, 0x00000000adb00000, 0x00000000e0000000)
  object space 224256K, 80% used [0x00000000a0000000,0x00000000aaf7b958,0x00000000adb00000)
 Metaspace       used 94124K, capacity 98058K, committed 98264K, reserved 1134592K
  class space    used 11981K, capacity 12749K, committed 12760K, reserved 1048576K
GC Heap History (10 events):
Event: 90.760 GC heap before
{Heap before GC invocations=16 (full 3):
 PSYoungGen      total 420352K, used 420328K [0x00000000e0000000, 0x00000000fbe80000, 0x0000000100000000)
  eden space 399872K, 100% used [0x00000000e0000000,0x00000000f8680000,0x00000000f8680000)
  from space 20480K, 99% used [0x00000000faa80000,0x00000000fbe7a198,0x00000000fbe80000)
  to   space 26112K, 0% used [0x00000000f8b80000,0x00000000f8b80000,0x00000000fa500000)
 ParOldGen       total 100864K, used 44117K [0x00000000a0000000, 0x00000000a6280000, 0x00000000e0000000)
  object space 100864K, 43% used [0x00000000a0000000,0x00000000a2b15740,0x00000000a6280000)
 Metaspace       used 72089K, capacity 74456K, committed 74584K, reserved 1114112K
  class space    used 9511K, capacity 10065K, committed 10072K, reserved 1048576K
Event: 90.881 GC heap after
Heap after GC invocations=16 (full 3):
 PSYoungGen      total 431104K, used 26103K [0x00000000e0000000, 0x0000000100000000, 0x0000000100000000)
  eden space 404992K, 0% used [0x00000000e0000000,0x00000000e0000000,0x00000000f8b80000)
  from space 26112K, 99% used [0x00000000f8b80000,0x00000000fa4fde18,0x00000000fa500000)
  to   space 57856K, 0% used [0x00000000fc780000,0x00000000fc780000,0x0000000100000000)
 ParOldGen       total 119808K, used 119743K [0x00000000a0000000, 0x00000000a7500000, 0x00000000e0000000)
  object space 119808K, 99% used [0x00000000a0000000,0x00000000a74eff20,0x00000000a7500000)
 Metaspace       used 72089K, capacity 74456K, committed 74584K, reserved 1114112K
  class space    used 9511K, capacity 10065K, committed 10072K, reserved 1048576K
}
Event: 90.881 GC heap before
{Heap before GC invocations=17 (full 4):
 PSYoungGen      total 431104K, used 26103K [0x00000000e0000000, 0x0000000100000000, 0x0000000100000000)
  eden space 404992K, 0% used [0x00000000e0000000,0x00000000e0000000,0x00000000f8b80000)
  from space 26112K, 99% used [0x00000000f8b80000,0x00000000fa4fde18,0x00000000fa500000)
  to   space 57856K, 0% used [0x00000000fc780000,0x00000000fc780000,0x0000000100000000)
 ParOldGen       total 119808K, used 119743K [0x00000000a0000000, 0x00000000a7500000, 0x00000000e0000000)
  object space 119808K, 99% used [0x00000000a0000000,0x00000000a74eff20,0x00000000a7500000)
 Metaspace       used 72089K, capacity 74456K, committed 74584K, reserved 1114112K
  class space    used 9511K, capacity 10065K, committed 10072K, reserved 1048576K
Event: 91.561 GC heap after
Heap after GC invocations=17 (full 4):
 PSYoungGen      total 431104K, used 15091K [0x00000000e0000000, 0x0000000100000000, 0x0000000100000000)
  eden space 404992K, 0% used [0x00000000e0000000,0x00000000e0000000,0x00000000f8b80000)
  from space 26112K, 57% used [0x00000000f8b80000,0x00000000f9a3cf50,0x00000000fa500000)
  to   space 57856K, 0% used [0x00000000fc780000,0x00000000fc780000,0x0000000100000000)
 ParOldGen       total 224256K, used 119571K [0x00000000a0000000, 0x00000000adb00000, 0x00000000e0000000)
  object space 224256K, 53% used [0x00000000a0000000,0x00000000a74c4fe0,0x00000000adb00000)
 Metaspace       used 72083K, capacity 74438K, committed 74584K, reserved 1114112K
  class space    used 9510K, capacity 10062K, committed 10072K, reserved 1048576K
}
Event: 113.669 GC heap before
{Heap before GC invocations=18 (full 4):
 PSYoungGen      total 431104K, used 420083K [0x00000000e0000000, 0x0000000100000000, 0x0000000100000000)
  eden space 404992K, 100% used [0x00000000e0000000,0x00000000f8b80000,0x00000000f8b80000)
  from space 26112K, 57% used [0x00000000f8b80000,0x00000000f9a3cf50,0x00000000fa500000)
  to   space 57856K, 0% used [0x00000000fc780000,0x00000000fc780000,0x0000000100000000)
 ParOldGen       total 224256K, used 119571K [0x00000000a0000000, 0x00000000adb00000, 0x00000000e0000000)
  object space 224256K, 53% used [0x00000000a0000000,0x00000000a74c4fe0,0x00000000adb00000)
 Metaspace       used 75646K, capacity 78192K, committed 78296K, reserved 1118208K
  class space    used 9821K, capacity 10416K, committed 10456K, reserved 1048576K
Event: 113.780 GC heap after
Heap after GC invocations=18 (full 4):
 PSYoungGen      total 460288K, used 39196K [0x00000000e0000000, 0x0000000100000000, 0x0000000100000000)
  eden space 402432K, 0% used [0x00000000e0000000,0x00000000e0000000,0x00000000f8900000)
  from space 57856K, 67% used [0x00000000fc780000,0x00000000fedc72c8,0x0000000100000000)
  to   space 60928K, 0% used [0x00000000f8900000,0x00000000f8900000,0x00000000fc480000)
 ParOldGen       total 224256K, used 134454K [0x00000000a0000000, 0x00000000adb00000, 0x00000000e0000000)
  object space 224256K, 59% used [0x00000000a0000000,0x00000000a834d998,0x00000000adb00000)
 Metaspace       used 75646K, capacity 78192K, committed 78296K, reserved 1118208K
  class space    used 9821K, capacity 10416K, committed 10456K, reserved 1048576K
}
Event: 872.809 GC heap before
{Heap before GC invocations=19 (full 4):
 PSYoungGen      total 460288K, used 441628K [0x00000000e0000000, 0x0000000100000000, 0x0000000100000000)
  eden space 402432K, 100% used [0x00000000e0000000,0x00000000f8900000,0x00000000f8900000)
  from space 57856K, 67% used [0x00000000fc780000,0x00000000fedc72c8,0x0000000100000000)
  to   space 60928K, 0% used [0x00000000f8900000,0x00000000f8900000,0x00000000fc480000)
 ParOldGen       total 224256K, used 134454K [0x00000000a0000000, 0x00000000adb00000, 0x00000000e0000000)
  object space 224256K, 59% used [0x00000000a0000000,0x00000000a834d998,0x00000000adb00000)
 Metaspace       used 92795K, capacity 96638K, committed 96984K, reserved 1134592K
  class space    used 11899K, capacity 12645K, committed 12760K, reserved 1048576K
Event: 872.885 GC heap after
Heap after GC invocations=19 (full 4):
 PSYoungGen      total 463360K, used 25080K [0x00000000e0000000, 0x00000000ffd00000, 0x0000000100000000)
  eden space 402432K, 0% used [0x00000000e0000000,0x00000000e0000000,0x00000000f8900000)
  from space 60928K, 41% used [0x00000000f8900000,0x00000000fa17e1e0,0x00000000fc480000)
  to   space 57856K, 0% used [0x00000000fc480000,0x00000000fc480000,0x00000000ffd00000)
 ParOldGen       total 224256K, used 150628K [0x00000000a0000000, 0x00000000adb00000, 0x00000000e0000000)
  object space 224256K, 67% used [0x00000000a0000000,0x00000000a93190d0,0x00000000adb00000)
 Metaspace       used 92795K, capacity 96638K, committed 96984K, reserved 1134592K
  class space    used 11899K, capacity 12645K, committed 12760K, reserved 1048576K
}
Event: 880.109 GC heap before
{Heap before GC invocations=20 (full 4):
 PSYoungGen      total 463360K, used 427512K [0x00000000e0000000, 0x00000000ffd00000, 0x0000000100000000)
  eden space 402432K, 100% used [0x00000000e0000000,0x00000000f8900000,0x00000000f8900000)
  from space 60928K, 41% used [0x00000000f8900000,0x00000000fa17e1e0,0x00000000fc480000)
  to   space 57856K, 0% used [0x00000000fc480000,0x00000000fc480000,0x00000000ffd00000)
 ParOldGen       total 224256K, used 150628K [0x00000000a0000000, 0x00000000adb00000, 0x00000000e0000000)
  object space 224256K, 67% used [0x00000000a0000000,0x00000000a93190d0,0x00000000adb00000)
 Metaspace       used 94005K, capacity 97900K, committed 98008K, reserved 1134592K
  class space    used 11978K, capacity 12744K, committed 12760K, reserved 1048576K
Event: 880.199 GC heap after
Heap after GC invocations=20 (full 4):
 PSYoungGen      total 425472K, used 57839K [0x00000000e0000000, 0x0000000100000000, 0x0000000100000000)
  eden space 367616K, 0% used [0x00000000e0000000,0x00000000e0000000,0x00000000f6700000)
  from space 57856K, 99% used [0x00000000fc480000,0x00000000ffcfbef0,0x00000000ffd00000)
  to   space 78336K, 0% used [0x00000000f6700000,0x00000000f6700000,0x00000000fb380000)
 ParOldGen       total 224256K, used 179694K [0x00000000a0000000, 0x00000000adb00000, 0x00000000e0000000)
  object space 224256K, 80% used [0x00000000a0000000,0x00000000aaf7b958,0x00000000adb00000)
 Metaspace       used 94005K, capacity 97900K, committed 98008K, reserved 1134592K
  class space    used 11978K, capacity 12744K, committed 12760K, reserved 1048576K
}

